<?xml version="1.0" encoding="UTF-8"?>
<testng-results skipped="0" failed="0" ignored="0" total="1" passed="1">
  <reporter-output>
    <line>
      <![CDATA[Guru99 opened]]>
    </line>
    <line>
      <![CDATA[title matched]]>
    </line>
    <line>
      <![CDATA[Title printed]]>
    </line>
  </reporter-output>
  <suite name="Suite" duration-ms="37495" started-at="2017-11-06T04:26:41Z" finished-at="2017-11-06T04:27:19Z">
    <groups>
    </groups>
    <test name="Test" duration-ms="37495" started-at="2017-11-06T04:26:41Z" finished-at="2017-11-06T04:27:19Z">
      <class name="Guru99.Automation.login">
        <test-method status="PASS" signature="beforetest()[pri:0, instance:Guru99.Automation.login@28feb3fa]" name="beforetest" is-config="true" duration-ms="32960" started-at="2017-11-05T23:26:41Z" finished-at="2017-11-05T23:27:14Z">
          <reporter-output>
          </reporter-output>
        </test-method> <!-- beforetest -->
        <test-method status="PASS" signature="f()[pri:0, instance:Guru99.Automation.login@28feb3fa]" name="f" duration-ms="3710" started-at="2017-11-05T23:27:14Z" finished-at="2017-11-05T23:27:18Z">
          <reporter-output>
            <line>
              <![CDATA[Guru99 opened]]>
            </line>
            <line>
              <![CDATA[title matched]]>
            </line>
            <line>
              <![CDATA[Title printed]]>
            </line>
          </reporter-output>
        </test-method> <!-- f -->
        <test-method status="PASS" signature="aftertest()[pri:0, instance:Guru99.Automation.login@28feb3fa]" name="aftertest" is-config="true" duration-ms="745" started-at="2017-11-05T23:27:18Z" finished-at="2017-11-05T23:27:19Z">
          <reporter-output>
          </reporter-output>
        </test-method> <!-- aftertest -->
      </class> <!-- Guru99.Automation.login -->
    </test> <!-- Test -->
  </suite> <!-- Suite -->
</testng-results>
